Flutter crash report.
Please report a bug at https://github.com/flutter/flutter/issues.

## command

flutter run

## exception

StateError: Bad state: No element

```
#0      List.first (dart:core-patch/growable_array.dart:344:5)
#1      ResidentHandlers.debugTogglePlatform (package:flutter_tools/src/resident_runner.dart:942:26)
<asynchronous suspension>
#2      TerminalHandler.processTerminalInput (package:flutter_tools/src/resident_runner.dart:1836:7)
<asynchronous suspension>
```

## flutter doctor

```
[32m[✓][39m Flutter (Channel stable, 3.24.5, on Microsoft Windows [Version 10.0.22631.4460], locale
    en-US)
    [32m•[39m Flutter version 3.24.5 on channel stable at C:\Users\aswin\Downloads\flutter
    [32m•[39m Upstream repository https://github.com/flutter/flutter.git
    [32m•[39m Framework revision dec2ee5c1f (3 weeks ago), 2024-11-13 11:13:06 -0800
    [32m•[39m Engine revision a18df97ca5
    [32m•[39m Dart version 3.5.4
    [32m•[39m DevTools version 2.37.3

[32m[✓][39m Windows Version (Installed version of Windows is version 10 or higher)

[33m[!][39m Android toolchain - develop for Android devices (Android SDK version 34.0.0)
    [32m•[39m Android SDK at C:\Users\aswin\AppData\Local\Android\sdk
    [31m✗[39m cmdline-tools component is missing
      Run `path/to/sdkmanager --install "cmdline-tools;latest"`
      See https://developer.android.com/studio/command-line for more details.
    [31m✗[39m Android license status unknown.
      Run `flutter doctor --android-licenses` to accept the SDK licenses.
      See https://flutter.dev/to/windows-android-setup for more details.

[32m[✓][39m Chrome - develop for the web
    [32m•[39m Chrome at C:\Program Files\Google\Chrome\Application\chrome.exe

[31m[✗][39m Visual Studio - develop Windows apps
    [31m✗[39m Visual Studio not installed; this is necessary to develop Windows apps.
      Download at https://visualstudio.microsoft.com/downloads/.
      Please install the "Desktop development with C++" workload, including all of its default
      components

[33m[!][39m Android Studio (version 2023.1)
    [32m•[39m Android Studio at C:\Program Files\Android\Android Studio
    [32m•[39m Flutter plugin can be installed from:
      🔨 https://plugins.jetbrains.com/plugin/9212-flutter
    [32m•[39m Dart plugin can be installed from:
      🔨 https://plugins.jetbrains.com/plugin/6351-dart
    [31m✗[39m Unable to determine bundled Java version.
    [32m•[39m Try updating or re-installing Android Studio.

[32m[✓][39m Android Studio (version 2024.2)
    [32m•[39m Android Studio at C:\Program Files\Android\Android Studio1
    [32m•[39m Flutter plugin can be installed from:
      🔨 https://plugins.jetbrains.com/plugin/9212-flutter
    [32m•[39m Dart plugin can be installed from:
      🔨 https://plugins.jetbrains.com/plugin/6351-dart
    [32m•[39m Java version OpenJDK Runtime Environment (build 21.0.3+-12282718-b509.11)

[32m[✓][39m VS Code (version 1.95.3)
    [32m•[39m VS Code at C:\Users\aswin\AppData\Local\Programs\Microsoft VS Code
    [32m•[39m Flutter extension version 3.100.0

[32m[✓][39m Connected device (3 available)
    [32m•[39m Windows (desktop) • windows • windows-x64    • Microsoft Windows [Version
      10.0.22631.4460]
    [32m•[39m Chrome (web)      • chrome  • web-javascript • Google Chrome 131.0.6778.86
    [32m•[39m Edge (web)        • edge    • web-javascript • Microsoft Edge 131.0.2903.70

[32m[✓][39m Network resources
    [32m•[39m All expected network resources are available.

[33m![39m Doctor found issues in 3 categories.
```
