{"logTime": "1203/193954", "correlationVector":"yvg5Tt1wyi9ElsnoHFJa/t.1","action":"SyncServerConnectionManagerRequest", "result":"SYNC_SERVER_OK", "context":{"environment":"Prod_SoutheastAsia_000j", "migrationStage":"Unmigrated", "server":"GENERAL0300002D"}}
{"logTime": "1203/193954", "correlationVector":"Bdi1PPlPdxJLk05y8hZgjG","action":"SyncServerConnectionManagerRequest", "result":"SYNC_SERVER_OK", "context":{"environment":"", "migrationStage":"", "server":""}}
{"logTime": "1203/193954", "correlationVector":"yvg5Tt1wyi9ElsnoHFJa/t","action":"Initial GetUpdates", "result":"", "context":Reason: NEW_CLIENT. cV=yvg5Tt1wyi9ElsnoHFJa/t}
{"logTime": "1203/193954", "correlationVector":"yvg5Tt1wyi9ElsnoHFJa/t.2","action":"GetUpdates Response", "result":"Success", "context":Received 1 update(s). cV=yvg5Tt1wyi9ElsnoHFJa/t.0;server=GENERAL0300002D;cloudType=Consumer;environment=Prod_SoutheastAsia_000j;migrationStage=Unmigrated}
{"logTime": "1203/193955", "correlationVector":"nokHlhuF2dJ4lJvpnaSbVr","action":"Initial GetUpdates", "result":"", "context":Reason: NEW_CLIENT. cV=nokHlhuF2dJ4lJvpnaSbVr}
{"logTime": "1203/193955", "correlationVector":"nokHlhuF2dJ4lJvpnaSbVr.1","action":"SyncServerConnectionManagerRequest", "result":"SYNC_SERVER_OK", "context":{"environment":"Prod_SoutheastAsia_000j", "migrationStage":"Unmigrated", "server":"GENERAL0300001Y"}}
{"logTime": "1203/193955", "correlationVector":"nokHlhuF2dJ4lJvpnaSbVr.2","action":"GetUpdates Response", "result":"Success", "context":Received 66 update(s). cV=nokHlhuF2dJ4lJvpnaSbVr.0;server=GENERAL0300001Y;cloudType=Consumer;environment=Prod_SoutheastAsia_000j;migrationStage=Unmigrated}
{"logTime": "1203/193955", "correlationVector":"c2J/xZlLrqzKRBBvLcbrfZ","action":"Initial GetUpdates", "result":"", "context":Reason: NEW_CLIENT. cV=c2J/xZlLrqzKRBBvLcbrfZ}
{"logTime": "1203/193955", "correlationVector":"c2J/xZlLrqzKRBBvLcbrfZ.1","action":"SyncServerConnectionManagerRequest", "result":"SYNC_SERVER_OK", "context":{"environment":"Prod_SoutheastAsia_000j", "migrationStage":"NotStarted", "server":"GENERAL0300001P"}}
{"logTime": "1203/193955", "correlationVector":"c2J/xZlLrqzKRBBvLcbrfZ.2","action":"GetUpdates Response", "result":"Success", "context":Received 5 update(s). cV=c2J/xZlLrqzKRBBvLcbrfZ.0;server=GENERAL0300001P;cloudType=Consumer;environment=Prod_SoutheastAsia_000j;migrationStage=NotStarted}
{"logTime": "1203/193955", "correlationVector":"Xb3FPTyxmHAlB3uM1cjK94","action":"Initial GetUpdates", "result":"", "context":Reason: NEW_CLIENT. cV=Xb3FPTyxmHAlB3uM1cjK94}
{"logTime": "1203/193955", "correlationVector":"Xb3FPTyxmHAlB3uM1cjK94.1","action":"SyncServerConnectionManagerRequest", "result":"SYNC_SERVER_OK", "context":{"environment":"Prod_SoutheastAsia_000j", "migrationStage":"Unmigrated", "server":"GENERAL01000015"}}
{"logTime": "1203/193955", "correlationVector":"Xb3FPTyxmHAlB3uM1cjK94.2","action":"GetUpdates Response", "result":"Success", "context":Received 23 update(s). cV=Xb3FPTyxmHAlB3uM1cjK94.0;server=GENERAL01000015;cloudType=Consumer;environment=Prod_SoutheastAsia_000j;migrationStage=Unmigrated}
{"logTime": "1203/193955", "correlationVector":"Ycrojv5In1n5+qgcZWbMjy","action":"Normal GetUpdate request", "result":"", "context":cV=Ycrojv5In1n5+qgcZWbMjy
Nudged types: Sessions, Device Info, User Consents
Refresh requested types: Bookmarks, Preferences, Passwords, Autofill Profiles, Autofill, Typed URLs, Extensions, Sessions, Extension settings, History Delete Directives, Device Info, User Consents, Send Tab To Self, Web Apps, Collection, Edge E Drop, Edge Hub App Usage, Edge Tab Group, Edge Wallet, Encryption Keys}
{"logTime": "1203/193955", "correlationVector":"Ycrojv5In1n5+qgcZWbMjy.1","action":"SyncServerConnectionManagerRequest", "result":"SYNC_SERVER_OK", "context":{"environment":"Prod_SoutheastAsia_000j", "migrationStage":"Unmigrated", "server":"GENERAL01000011"}}
{"logTime": "1203/193955", "correlationVector":"Ycrojv5In1n5+qgcZWbMjy.2","action":"GetUpdates Response", "result":"Success", "context":Received 0 update(s). cV=Ycrojv5In1n5+qgcZWbMjy.0;server=GENERAL01000011;cloudType=Consumer;environment=Prod_SoutheastAsia_000j;migrationStage=Unmigrated}
{"logTime": "1203/193956", "correlationVector":"u2Otj4LVnDQ6ZlFOYvb1VU","action":"DoCompareDataConsistency requsted types: ", "result":"Bookmarks, Preferences, Passwords, Typed URLs, Extensions, Extension settings, History Delete Directives, Send Tab To Self, Web Apps, Collection, Edge E Drop, Edge Tab Group, Edge Wallet, Encryption Keys"}
{"logTime": "1203/193956", "correlationVector":"u2Otj4LVnDQ6ZlFOYvb1VU.0","action":"CompareDataConsistency result: ", "result":"Compare result: Encryption Keys is consistent. local entities count is: 1 local entities hash is: 4eFrEV1mrPDU3uCwCqb0s7DAUgg="}
{"logTime": "1203/193956", "correlationVector":"u2Otj4LVnDQ6ZlFOYvb1VU.1","action":"CompareDataConsistency result: ", "result":"Compare result: Bookmarks is consistent. local entities count is: 3 local entities hash is: YQD9KhyaO0OQZsdCjBINem9JptM="}
{"logTime": "1203/193956", "correlationVector":"u2Otj4LVnDQ6ZlFOYvb1VU.2","action":"CompareDataConsistency result: ", "result":"Compare result: Preferences is consistent. local entities count is: 56 local entities hash is: cxS0GVCBkB/rBLxwUxF3WoDAqUI="}
{"logTime": "1203/193956", "correlationVector":"u2Otj4LVnDQ6ZlFOYvb1VU.3","action":"CompareDataConsistency result: ", "result":"Compare result: Passwords is consistent. local entities count is: 8 local entities hash is: F9PtwCVXAcC2lUnRr2YrqD5MGCg="}
{"logTime": "1203/193956", "correlationVector":"u2Otj4LVnDQ6ZlFOYvb1VU.4","action":"CompareDataConsistency result: ", "result":"Server did not send this Typed URLs local entities count is: 0 local entities hash is: "}
{"logTime": "1203/193956", "correlationVector":"u2Otj4LVnDQ6ZlFOYvb1VU.5","action":"CompareDataConsistency result: ", "result":"Compare result: Extensions is consistent. local entities count is: 0 local entities hash is: "}
{"logTime": "1203/193956", "correlationVector":"u2Otj4LVnDQ6ZlFOYvb1VU.6","action":"CompareDataConsistency result: ", "result":"Compare result: Extension settings is consistent. local entities count is: 0 local entities hash is: "}
{"logTime": "1203/193956", "correlationVector":"u2Otj4LVnDQ6ZlFOYvb1VU.7","action":"CompareDataConsistency result: ", "result":"Compare result: History Delete Directives is consistent. local entities count is: 0 local entities hash is: "}
{"logTime": "1203/193956", "correlationVector":"u2Otj4LVnDQ6ZlFOYvb1VU.8","action":"CompareDataConsistency result: ", "result":"Server did not send this Send Tab To Self local entities count is: 0 local entities hash is: "}
{"logTime": "1203/193956", "correlationVector":"u2Otj4LVnDQ6ZlFOYvb1VU.9","action":"CompareDataConsistency result: ", "result":"Compare result: Web Apps is consistent. local entities count is: 0 local entities hash is: "}
{"logTime": "1203/193956", "correlationVector":"u2Otj4LVnDQ6ZlFOYvb1VU.10","action":"CompareDataConsistency result: ", "result":"Compare result: Collection is consistent. local entities count is: 0 local entities hash is: "}
{"logTime": "1203/193956", "correlationVector":"u2Otj4LVnDQ6ZlFOYvb1VU.11","action":"CompareDataConsistency result: ", "result":"Compare result: Edge E Drop is consistent. local entities count is: 0 local entities hash is: "}
{"logTime": "1203/193956", "correlationVector":"u2Otj4LVnDQ6ZlFOYvb1VU.12","action":"CompareDataConsistency result: ", "result":"Compare result: Edge Tab Group is consistent. local entities count is: 0 local entities hash is: "}
{"logTime": "1203/193956", "correlationVector":"u2Otj4LVnDQ6ZlFOYvb1VU.13","action":"CompareDataConsistency result: ", "result":"Compare result: Edge Wallet is consistent. local entities count is: 0 local entities hash is: "}
{"logTime": "1203/193956", "correlationVector":"GEQbGX6VCXuksjkCAnJf3H","action":"Commit Request", "result":"", "context":Item count: 4
Contributing types: Sessions, Device Info, User Consents}
{"logTime": "1203/193956", "correlationVector":"GEQbGX6VCXuksjkCAnJf3H.1","action":"SyncServerConnectionManagerRequest", "result":"SYNC_SERVER_OK", "context":{"environment":"Prod_SoutheastAsia_000j", "migrationStage":"Unmigrated", "server":"GENERAL0100000O"}}
{"logTime": "1203/193956", "correlationVector":"GEQbGX6VCXuksjkCAnJf3H.2","action":"Commit Response", "result":"Success", "context":Result: Success. cV=GEQbGX6VCXuksjkCAnJf3H.0;server=GENERAL0100000O;cloudType=Consumer;environment=Prod_SoutheastAsia_000j;migrationStage=Unmigrated}
{"logTime": "1203/193956", "correlationVector":"","action":"DIAGNOSTIC_REQUEST|v1/diagnosticData/Diagnostic.SendCheckResult()|SUCCESS", "result":""}
{"logTime": "1203/193958", "correlationVector":"Stuzi+xajvrK8vPmLumfEL","action":"Commit Request", "result":"", "context":Item count: 1
Contributing types: User Consents}
{"logTime": "1203/193958", "correlationVector":"Stuzi+xajvrK8vPmLumfEL.1","action":"SyncServerConnectionManagerRequest", "result":"SYNC_SERVER_OK", "context":{"environment":"Prod_SoutheastAsia_000j", "migrationStage":"Unmigrated", "server":"GENERAL0100000E"}}
{"logTime": "1203/193958", "correlationVector":"Stuzi+xajvrK8vPmLumfEL.2","action":"Commit Response", "result":"Success", "context":Result: Success. cV=Stuzi+xajvrK8vPmLumfEL.0;server=GENERAL0100000E;cloudType=Consumer;environment=Prod_SoutheastAsia_000j;migrationStage=Unmigrated}
{"logTime": "1203/194000", "correlationVector":"M6J68rHF67rq9PcNal18AE","action":"Commit Request", "result":"", "context":Item count: 2
Contributing types: Sessions, Edge Hub App Usage}
{"logTime": "1203/194000", "correlationVector":"M6J68rHF67rq9PcNal18AE.1","action":"SyncServerConnectionManagerRequest", "result":"SYNC_SERVER_OK", "context":{"environment":"Prod_SoutheastAsia_000j", "migrationStage":"Unmigrated", "server":"GENERAL0100001F"}}
{"logTime": "1203/194000", "correlationVector":"M6J68rHF67rq9PcNal18AE.2","action":"Commit Response", "result":"Success", "context":Result: Success. cV=M6J68rHF67rq9PcNal18AE.0;server=GENERAL0100001F;cloudType=Consumer;environment=Prod_SoutheastAsia_000j;migrationStage=Unmigrated}
